2025-03-14 20:33:19,966 - INFO - 当前工作目录: C:\Users\谭磊\Desktop\音频翻译

2025-03-14 20:33:19,969 - INFO - 工作目录已清理并重新创建
2025-03-14 20:33:19,969 - INFO - 搜索目录: C:\Users\谭磊\Desktop\音频翻译
2025-03-14 20:33:19,971 - INFO - 找到 *.mp3 文件: 2 个
2025-03-14 20:33:19,975 - INFO - 
处理音频文件 [1/2]: 2024-06-CET4-1.mp3
2025-03-14 20:33:19,976 - INFO - 开始转换音频文件...
2025-03-14 20:33:19,976 - INFO - 加载音频文件: C:\Users\谭磊\Desktop\音频翻译\2024-06-CET4-1.mp3
2025-03-14 20:33:19,977 - INFO - 文件大小: 21.52 MB
2025-03-14 20:33:25,024 - INFO - 转换为WAV格式: C:\Users\谭磊\Desktop\音频翻译\work_dir\audio_c55282bd.wav
2025-03-14 20:33:25,495 - INFO - WAV文件创建成功，大小: 129.08 MB
2025-03-14 20:33:25,497 - INFO - WAV文件信息:
2025-03-14 20:33:25,498 - INFO - - 声道数: 1
2025-03-14 20:33:25,498 - INFO - - 采样宽度: 2
2025-03-14 20:33:25,498 - INFO - - 采样率: 48000
2025-03-14 20:33:25,499 - INFO - - 总帧数: 67673088
2025-03-14 20:33:25,499 - INFO - - 预期数据大小: 135346176
2025-03-14 20:33:25,499 - INFO - - 实际文件大小: 135346220
2025-03-14 20:33:25,500 - INFO - WAV文件验证通过
2025-03-14 20:33:25,521 - INFO - WAV文件信息:
2025-03-14 20:33:25,522 - INFO - - 声道数: 1
2025-03-14 20:33:25,522 - INFO - - 采样宽度: 2
2025-03-14 20:33:25,523 - INFO - - 采样率: 48000
2025-03-14 20:33:25,523 - INFO - - 总帧数: 67673088
2025-03-14 20:33:25,523 - INFO - - 预期数据大小: 135346176
2025-03-14 20:33:25,525 - INFO - - 实际文件大小: 135346220
2025-03-14 20:33:25,525 - INFO - 工作文件大小: 129.08 MB
2025-03-14 20:33:25,526 - INFO - 切换到工作目录: C:\Users\谭磊\Desktop\音频翻译\work_dir
2025-03-14 20:33:25,526 - INFO - 加载 Whisper 模型...
2025-03-14 20:33:26,436 - INFO - 开始转录音频: audio_c55282bd.wav
2025-03-14 20:33:26,436 - INFO - 完整路径: C:\Users\谭磊\Desktop\音频翻译\work_dir\audio_c55282bd.wav
2025-03-14 20:33:26,448 - INFO - 恢复工作目录: C:\Users\谭磊\Desktop\音频翻译
2025-03-14 20:33:26,450 - ERROR - 处理文件时出错: [WinError 2] 系统找不到指定的文件。
2025-03-14 20:33:26,450 - ERROR - 文件路径: C:\Users\谭磊\Desktop\音频翻译\2024-06-CET4-1.mp3
2025-03-14 20:33:26,451 - ERROR - 工作文件路径: C:\Users\谭磊\Desktop\音频翻译\work_dir\audio_c55282bd.wav
2025-03-14 20:33:26,451 - ERROR - 当前工作目录: C:\Users\谭磊\Desktop\音频翻译
2025-03-14 20:33:26,451 - ERROR - 工作文件存在: 是
2025-03-14 20:33:26,452 - ERROR - 工作文件大小: 129.08 MB
2025-03-14 20:33:26,452 - ERROR - WAV文件头大小: 44 bytes
2025-03-14 20:33:26,469 - INFO - 工作文件已清理
2025-03-14 20:33:26,470 - ERROR - 处理文件 2024-06-CET4-1.mp3 时出错: [WinError 2] 系统找不到指定的文件。
2025-03-14 20:33:26,472 - INFO - 
处理音频文件 [2/2]: 2024-06-CET4-2.mp3
2025-03-14 20:33:26,473 - INFO - 开始转换音频文件...
2025-03-14 20:33:26,474 - INFO - 加载音频文件: C:\Users\谭磊\Desktop\音频翻译\2024-06-CET4-2.mp3
2025-03-14 20:33:26,474 - INFO - 文件大小: 21.60 MB
2025-03-14 20:33:28,753 - INFO - 转换为WAV格式: C:\Users\谭磊\Desktop\音频翻译\work_dir\audio_90dee7e0.wav
2025-03-14 20:33:29,201 - INFO - WAV文件创建成功，大小: 119.07 MB
2025-03-14 20:33:29,201 - INFO - WAV文件信息:
2025-03-14 20:33:29,202 - INFO - - 声道数: 1
2025-03-14 20:33:29,202 - INFO - - 采样宽度: 2
2025-03-14 20:33:29,202 - INFO - - 采样率: 44100
2025-03-14 20:33:29,202 - INFO - - 总帧数: 62424576
2025-03-14 20:33:29,203 - INFO - - 预期数据大小: 124849152
2025-03-14 20:33:29,203 - INFO - - 实际文件大小: 124849196
2025-03-14 20:33:29,203 - INFO - WAV文件验证通过
2025-03-14 20:33:29,223 - INFO - WAV文件信息:
2025-03-14 20:33:29,225 - INFO - - 声道数: 1
2025-03-14 20:33:29,225 - INFO - - 采样宽度: 2
2025-03-14 20:33:29,225 - INFO - - 采样率: 44100
2025-03-14 20:33:29,226 - INFO - - 总帧数: 62424576
2025-03-14 20:33:29,226 - INFO - - 预期数据大小: 124849152
2025-03-14 20:33:29,227 - INFO - - 实际文件大小: 124849196
2025-03-14 20:33:29,228 - INFO - 工作文件大小: 119.07 MB
2025-03-14 20:33:29,228 - INFO - 切换到工作目录: C:\Users\谭磊\Desktop\音频翻译\work_dir
2025-03-14 20:33:29,229 - INFO - 加载 Whisper 模型...
2025-03-14 20:33:30,199 - INFO - 开始转录音频: audio_90dee7e0.wav
2025-03-14 20:33:30,200 - INFO - 完整路径: C:\Users\谭磊\Desktop\音频翻译\work_dir\audio_90dee7e0.wav
2025-03-14 20:33:30,217 - INFO - 恢复工作目录: C:\Users\谭磊\Desktop\音频翻译
2025-03-14 20:33:30,218 - ERROR - 处理文件时出错: [WinError 2] 系统找不到指定的文件。
2025-03-14 20:33:30,219 - ERROR - 文件路径: C:\Users\谭磊\Desktop\音频翻译\2024-06-CET4-2.mp3
2025-03-14 20:33:30,219 - ERROR - 工作文件路径: C:\Users\谭磊\Desktop\音频翻译\work_dir\audio_90dee7e0.wav
2025-03-14 20:33:30,220 - ERROR - 当前工作目录: C:\Users\谭磊\Desktop\音频翻译
2025-03-14 20:33:30,221 - ERROR - 工作文件存在: 是
2025-03-14 20:33:30,222 - ERROR - 工作文件大小: 119.07 MB
2025-03-14 20:33:30,223 - ERROR - WAV文件头大小: 44 bytes
2025-03-14 20:33:30,247 - INFO - 工作文件已清理
2025-03-14 20:33:30,248 - ERROR - 处理文件 2024-06-CET4-2.mp3 时出错: [WinError 2] 系统找不到指定的文件。
2025-03-14 20:33:30,252 - INFO - 工作目录已清理并重新创建
